C51 COMPILER V9.59.0.0   MAIN                                                              07/31/2021 17:14:49 PAGE 1   


C51 COMPILER V9.59.0.0, COMPILATION OF MODULE MAIN
OBJECT MODULE PLACED IN .\Objects\main.obj
COMPILER INVOKED BY: C:\Keil_v5\C51\BIN\C51.EXE main.c OPTIMIZE(8,SPEED) BROWSE DEBUG OBJECTEXTEND PRINT(.\Listings\main
                    -.lst) TABS(2) OBJECT(.\Objects\main.obj)

line level    source

   1          #include<STC15F2K60S2.H>
   2          #include<INTRINS.H>
   3          
   4          sbit SCK=P1^7;//U19   SCLK
   5          sbit SDA=P2^3;//数据线I/O
   6          sbit RST=P1^3;//CE
   7          sbit DQ=P1^4;
   8          unsigned char tap[]={0XC0,0XF9,0XA4,0XB0,0X99,0X92,0X82,0XF8,0X80,0X90,0XBF,0XFF,0XC6};
   9          unsigned char yi,er,san,si,wu,liu,qi,ba;
  10          char Init_Time[]={50,59,23,16,10,2,19};
  11          char shijian[7];
  12          char alarm[]={0,0,0,16,10,2,19};
  13          unsigned char wendu;
  14          unsigned char LED;
  15          unsigned char shift0;
  16          unsigned char shift1;
  17          unsigned char tt;
  18          unsigned char TT;
  19          unsigned char s4;
  20          unsigned char Key_Add=0;
  21          unsigned char Key_Minus=0;
  22          unsigned char model=0;
  23          
  24          void Scan_Key(void);
  25          void Init_Timer0(void);
  26          void Select_Model(void);
  27          void Select_Shift0(void);
  28          void Select_Shift1(void);
  29          void DS18B20_Init(void);
  30          void DS18B20_WriteByte(unsigned char dat);
  31          unsigned char Temperature_Get(void);
  32          void DS1302_Init(void);
  33          void DS1302_Get(void);
  34          void Write_DS1302(unsigned char address,unsigned char dat);
  35          unsigned char Read_DS1302(unsigned char address);
  36          void Write_Byte(unsigned char temp);
  37          void display1(yi,er);
  38          void display2(san,si);
  39          void display3(wu,liu);
  40          void display4(qi,ba);
  41          void Allinit(void);
  42          void Delay500us();
  43          void Delay80us(); 
  44          void Delayms(int ms);
  45          
  46          void main(void)
  47          {
  48   1        Allinit();
  49   1        Init_Timer0();
  50   1        DS1302_Init();
  51   1        DS18B20_Init();
  52   1        DS18B20_WriteByte(0XCC);  
  53   1        DS18B20_WriteByte(0X44);
  54   1        yi=11;er=11;san=11;si=11;wu=11;liu=11;qi=11;ba=11;
C51 COMPILER V9.59.0.0   MAIN                                                              07/31/2021 17:14:49 PAGE 2   

  55   1        IT0=0;//外部中断
  56   1        EX0=1;
  57   1        EA=1;//总开关
  58   1        PX0=1;
  59   1        while(1)
  60   1        {
  61   2          DS1302_Get();
  62   2          wendu=Temperature_Get();
  63   2          Scan_Key();
  64   2          
  65   2          display1(yi,er);
  66   2          display2(san,si);
  67   2          display3(wu,liu);
  68   2          display4(qi,ba);
  69   2      
  70   2        } 
  71   1      }
  72          void Select_Model(void)
  73          {
  74   1        switch(model)
  75   1        {
  76   2          case 0://时钟模式
  77   2          {
  78   3            Select_Shift0();
  79   3            
  80   3          if(LED==1)
  81   3          {
  82   4            P2=0X80;
  83   4            P0=0XFE;
  84   4            tt++;
  85   4            TT++;
  86   4            if(tt==5)
  87   4            {
  88   5              P0=0XFF;
  89   5              tt=0;
  90   5            }
  91   4          }
  92   3            
  93   3            break;
  94   3          }
  95   2          case 1://闹铃模式
  96   2          {
  97   3            Select_Shift1();
  98   3            
  99   3            break;
 100   3          }
 101   2        }
 102   1      }
 103          void Select_Shift0(void)//时钟切换调整
 104          {
 105   1        switch(shift0)
 106   1        {
 107   2          case 0://正常
 108   2            {
 109   3              yi=shijian[2]/10;er=shijian[2]%10;san=10;
 110   3              si=shijian[1]/10;wu=shijian[1]%10;liu=10;
 111   3              qi=shijian[0]/10;ba=shijian[0]%10;
 112   3              
 113   3              break;
 114   3            }
 115   2          case 1://秒
 116   2            {
C51 COMPILER V9.59.0.0   MAIN                                                              07/31/2021 17:14:49 PAGE 3   

 117   3              yi=shijian[2]/10;er=shijian[2]%10;san=10;
 118   3              si=shijian[1]/10;wu=shijian[1]%10;liu=10;
 119   3              qi=11;ba=11;//解决7，8闪烁问题
 120   3              tt++;
 121   3              if(tt==20)
 122   3              {
 123   4                if(Key_Add==1)
 124   4                {
 125   5                  Init_Time[0]=0;
 126   5                  
 127   5                  Key_Add=0;
 128   5                }
 129   4                else if(Key_Minus==1)
 130   4                {
 131   5                  Init_Time[0]=0;
 132   5                
 133   5                  Key_Minus=0;
 134   5                }
 135   4                  DS1302_Init();
 136   4                  DS1302_Get();
 137   4                qi=shijian[0]/10;ba=shijian[0]%10;
 138   4                tt=0;
 139   4              }
 140   3        
 141   3              break;
 142   3            } 
 143   2          case 2://分
 144   2            {
 145   3              yi=shijian[2]/10;er=shijian[2]%10;san=10;
 146   3              si=11;wu=11;liu=10;//解决4，5闪烁问题
 147   3              qi=shijian[0]/10;ba=shijian[0]%10;
 148   3              tt++;
 149   3              if(tt==20)
 150   3              {
 151   4                if(Key_Add==1)
 152   4                {
 153   5                  Init_Time[1]++;
 154   5                  if(Init_Time[1]==60)
 155   5                  {
 156   6                    Init_Time[1]=0;
 157   6                  }
 158   5                  
 159   5                  Key_Add=0;
 160   5                }
 161   4                else if(Key_Minus==1)
 162   4                {
 163   5                  Init_Time[1]--;
 164   5                  if(Init_Time[1]<0)
 165   5                  {
 166   6                    Init_Time[1]=59;
 167   6                  }
 168   5      
 169   5                  Key_Minus=0;
 170   5                }
 171   4                  DS1302_Init();
 172   4                  DS1302_Get();
 173   4                si=shijian[1]/10;wu=shijian[1]%10;
 174   4                tt=0;
 175   4              }
 176   3              
 177   3              break;
 178   3            } 
C51 COMPILER V9.59.0.0   MAIN                                                              07/31/2021 17:14:49 PAGE 4   

 179   2            case 3://时
 180   2            {
 181   3              yi=11;er=11;san=10;
 182   3              si=shijian[1]/10;wu=shijian[1]%10;liu=10;
 183   3              qi=shijian[0]/10;ba=shijian[0]%10;
 184   3              tt++;
 185   3              if(tt==20)
 186   3              {
 187   4                if(Key_Add==1)
 188   4                {
 189   5                  Init_Time[2]++;
 190   5                  if(Init_Time[2]==24)
 191   5                  {
 192   6                    Init_Time[2]=0;
 193   6                  }
 194   5                  Key_Add=0;
 195   5                }
 196   4                else if(Key_Minus==1)
 197   4                {
 198   5                  Init_Time[2]--;
 199   5                  if(Init_Time[2]<0)
 200   5                  {
 201   6                    Init_Time[2]=23;
 202   6                  }
 203   5                  Key_Minus=0;
 204   5                }
 205   4                  DS1302_Init();
 206   4                  DS1302_Get();
 207   4                yi=shijian[2]/10;er=shijian[2]%10;          
 208   4                tt=0;
 209   4              }
 210   3              
 211   3              break;
 212   3            }
 213   2          case 4:
 214   2            {
 215   3              yi=11;er=11;san=11;si=11;wu=11;
 216   3              liu=wendu/10;qi=wendu%10;ba=12;
 217   3              break;
 218   3            }   
 219   2          
 220   2        } 
 221   1      }
 222          void Select_Shift1(void)//闹钟切换调整
 223          {
 224   1        switch(shift1)
 225   1        {
 226   2          case 0://正常
 227   2            {
 228   3              yi=alarm[0]/10;er=alarm[0]%10;san=10;
 229   3              si=alarm[1]/10;wu=alarm[1]%10;liu=10;
 230   3              qi=alarm[2]/10;ba=alarm[2]%10;
 231   3              
 232   3              break;
 233   3            }
 234   2          case 1://秒
 235   2            {
 236   3              yi=alarm[0]/10;er=alarm[0]%10;san=10;
 237   3              si=alarm[1]/10;wu=alarm[1]%10;liu=10;
 238   3              qi=11;ba=11;
 239   3              
 240   3              tt++;
C51 COMPILER V9.59.0.0   MAIN                                                              07/31/2021 17:14:49 PAGE 5   

 241   3              if(tt==20)
 242   3              {
 243   4                if(Key_Add==1)
 244   4                {
 245   5                  alarm[2]++;
 246   5                  Key_Add=0;
 247   5                  if(alarm[2]==60)
 248   5                  {
 249   6                    alarm[2]=0;
 250   6                  }
 251   5                }
 252   4                else if(Key_Minus==1)
 253   4                {
 254   5                  alarm[2]--;
 255   5                  Key_Minus=0;
 256   5                  if(alarm[2]==-1)
 257   5                  {
 258   6                    alarm[2]=59;
 259   6                  }
 260   5                }
 261   4                qi=alarm[2]/10;ba=alarm[2]%10;
 262   4                tt=0;
 263   4              }
 264   3              break;
 265   3            } 
 266   2          case 2://分
 267   2            {
 268   3              yi=alarm[0]/10;er=alarm[0]%10;san=10;
 269   3              si=11;wu=11;liu=10;
 270   3              qi=alarm[2]/10;ba=alarm[2]%10;
 271   3              tt++;
 272   3              if(tt==20)
 273   3              {
 274   4                if(Key_Add==1)
 275   4                {
 276   5                  alarm[1]++;
 277   5                  Key_Add=0;
 278   5                  if(alarm[1]==60)
 279   5                  {
 280   6                    alarm[1]=0;
 281   6                  }
 282   5                }
 283   4                else if(Key_Minus==1)
 284   4                {
 285   5                  alarm[1]--;
 286   5                  Key_Minus=0;
 287   5                  if(alarm[1]==-1)
 288   5                  {
 289   6                    alarm[1]=59;
 290   6                  }
 291   5                }
 292   4                si=alarm[1]/10;wu=alarm[1]%10;
 293   4                tt=0;
 294   4              }
 295   3              break;
 296   3            } 
 297   2          case 3://时
 298   2            {
 299   3              yi=11;er=11;san=10;
 300   3              si=alarm[1]/10;wu=alarm[1]%10;
 301   3              qi=alarm[2]/10;ba=alarm[2]%10;
 302   3              tt++;
C51 COMPILER V9.59.0.0   MAIN                                                              07/31/2021 17:14:49 PAGE 6   

 303   3              if(tt==20)
 304   3              {
 305   4                if(Key_Add==1)
 306   4                {
 307   5                  alarm[0]++;
 308   5                  Key_Add=0;
 309   5                  if(alarm[0]==24)
 310   5                  {
 311   6                    alarm[0]=0;
 312   6                  }
 313   5                }
 314   4                else if(Key_Minus==1)
 315   4                {
 316   5                  alarm[0]--;
 317   5                  Key_Minus=0;
 318   5                  if(alarm[0]==-1)
 319   5                  {
 320   6                    alarm[0]=23;
 321   6                  }
 322   5                }
 323   4                yi=alarm[0]/10;er=alarm[0]%10;
 324   4                tt=0;
 325   4              }
 326   3              
 327   3              break;
 328   3            }     
 329   2        } 
 330   1      }
 331          
 332          //=======================闹钟模块========================
 333          void Alarm_Display()
 334          {
 335   1        if((shijian[0]==alarm[2])&&(shijian[1]==alarm[1])&&(shijian[2]==alarm[0]))
 336   1        {
 337   2          LED=1;
 338   2        }
 339   1          
 340   1      }
 341          
 342          
 343          //======================定时器中断=======================
 344          void Init_Timer0(void)
 345          {
 346   1        TMOD=0X01;//16位定时、计数模式
 347   1        TH0=(65535-50000)/256;//0XD8
 348   1        TL0=(65535-50000)/256;//0XEF
 349   1        
 350   1        ET0=1;
 351   1        EA=1;//总开关
 352   1        TR0=1;//启动定时器
 353   1        PT0=0;
 354   1      }
 355          void Service_Temperature() interrupt 0
 356          {
 357   1          if(TT==100)
 358   1          {
 359   2            LED=0;
 360   2            TT=0;
 361   2          }
 362   1      }
 363          void ServiceTimer0() interrupt 1
 364          {
C51 COMPILER V9.59.0.0   MAIN                                                              07/31/2021 17:14:49 PAGE 7   

 365   1        TH0=(65535-50000)/256;//0XD8
 366   1        TL0=(65535-50000)/256;//0XEF
 367   1        
 368   1        Select_Model();
 369   1        Alarm_Display();
 370   1          
 371   1      }
 372          
 373          //===================DS1302时钟芯片======================
 374          
 375          void Write_DS1302(unsigned char address,unsigned char dat)
 376          {
 377   1        RST=0;
 378   1        _nop_();
 379   1        SCK=0;
 380   1        _nop_();
 381   1        RST=1;
 382   1        Write_Byte(address);
 383   1        Write_Byte(((dat/10)<<4)|(dat%10));
 384   1      }
 385          void Write_Byte(unsigned char temp)
 386          {
 387   1        unsigned char i;
 388   1        for(i=0;i<8;i++)
 389   1        {
 390   2          SCK=0;//上升沿传输数据
 391   2          SDA=temp&0X01;
 392   2          temp>>=1;
 393   2          SCK=1;
 394   2        }
 395   1      }
 396          unsigned char Read_DS1302(unsigned char address)
 397          {
 398   1        unsigned char i,temp,dat1,dat2;
 399   1        RST=0;
 400   1        _nop_();
 401   1        SCK=0;
 402   1        _nop_();
 403   1        RST=1;
 404   1        Write_Byte(address);
 405   1        for(i=0;i<8;i++)
 406   1        {
 407   2          SCK=0;
 408   2          temp>>=1;
 409   2          if(SDA)temp|=0X80;
 410   2          SCK=1;
 411   2        }
 412   1        SDA=0;
 413   1        dat1=temp/16;
 414   1        dat2=temp%16;
 415   1        temp=dat1*10+dat2;
 416   1        
 417   1        return temp;
 418   1      }
 419          void DS1302_Init(void)
 420          {
 421   1        unsigned char i,add;
 422   1        add=0X80;//写秒
 423   1        Write_DS1302(0X8E,0X00);
 424   1        for(i=0;i<7;i++)
 425   1        {
 426   2          Write_DS1302(add,Init_Time[i]);
C51 COMPILER V9.59.0.0   MAIN                                                              07/31/2021 17:14:49 PAGE 8   

 427   2          add=add+2;
 428   2        }
 429   1        Write_DS1302(0X8E,0X80);
 430   1      }
 431          void DS1302_Get(void)
 432          {
 433   1        unsigned char i,add;
 434   1        add=0X81;//读秒
 435   1        Write_DS1302(0X8E,0X00);//WP=0
 436   1        for(i=0;i<7;i++)
 437   1        {
 438   2          shijian[i]=Read_DS1302(add);
 439   2          add=add+2;//秒分时寄存器地址都相差2
 440   2        }
 441   1        Write_DS1302(0X8E,0X80);//禁止写操作
 442   1      }
 443          
 444          
 445          
 446          
 447          
 448          //=======================================================
 449          
 450          
 451          //===================DS18B20温度传感器===================
 452          void DS18B20_Init(void)
 453          {
 454   1        DQ=0;
 455   1        Delay500us();
 456   1        DQ=1;
 457   1        Delay500us();
 458   1      }
 459          void DS18B20_WriteByte(unsigned char dat)
 460          {
 461   1        unsigned char i;
 462   1        for(i=0;i<8;i++)
 463   1        {
 464   2          DQ=0;
 465   2          DQ=dat&0X01;
 466   2          Delay80us();
 467   2          DQ=1;
 468   2          dat>>=1;
 469   2        }
 470   1      }
 471          unsigned char DS18B20_ReadByte(void)
 472          {
 473   1        unsigned char i;
 474   1        unsigned char dat;
 475   1        for(i=0;i<8;i++)
 476   1        {
 477   2          DQ=0;
 478   2          dat>>=1;
 479   2          DQ=1;
 480   2          if(DQ==1)
 481   2          {
 482   3            dat=dat|0X80;
 483   3          }
 484   2          Delay80us();
 485   2        }
 486   1        return dat;//把计算结果返回给调用者
 487   1      }
 488          unsigned char Temperature_Get(void)
C51 COMPILER V9.59.0.0   MAIN                                                              07/31/2021 17:14:49 PAGE 9   

 489          {
 490   1        unsigned char low,high;
 491   1        unsigned char temp;
 492   1        DS18B20_Init();
 493   1        DS18B20_WriteByte(0XCC);  
 494   1        DS18B20_WriteByte(0X44);
 495   1        Delay500us();
 496   1      
 497   1        DS18B20_Init();
 498   1        DS18B20_WriteByte(0XCC);
 499   1        DS18B20_WriteByte(0XBE);
 500   1      
 501   1        low=DS18B20_ReadByte();
 502   1        high=DS18B20_ReadByte();
 503   1        temp=high<<4;
 504   1        temp=temp|(low>>4);
 505   1        
 506   1        return temp;
 507   1      }
 508          
 509          
 510          //=======================================================
 511          void Scan_Key(void)
 512          {
 513   1        if(P30==0)//s7按键：时钟设置
 514   1        {
 515   2          Delayms(5);
 516   2          if(P30==0)
 517   2          {
 518   3            model=0;
 519   3            shift0++;
 520   3            if(shift0==4)
 521   3            {
 522   4              shift0=0;
 523   4            }
 524   3          }
 525   2        while(!P30);
 526   2        }
 527   1        else if(P31==0)//s6按键：闹钟设置
 528   1        {
 529   2          Delayms(5);
 530   2          if(P31==0)
 531   2          {
 532   3            model=1;
 533   3            shift1++;
 534   3            if(shift1==4)
 535   3            {
 536   4              shift1=0;
 537   4            }
 538   3          }
 539   2        while(!P31);
 540   2        }
 541   1        else if(P32==0)//s5按键：加
 542   1        {
 543   2          Delayms(5);
 544   2          if(P32==0)
 545   2          {
 546   3            Key_Add=1;
 547   3          }
 548   2        while(!P32);
 549   2        }
 550   1        else if(P33==0)//s4按键：减
C51 COMPILER V9.59.0.0   MAIN                                                              07/31/2021 17:14:49 PAGE 10  

 551   1        {
 552   2          Delayms(5);
 553   2          if(P33==0)
 554   2          {
 555   3            s4=1;
 556   3            Key_Minus=1;
 557   3            if(shift0==0)shift0=4;
 558   3          }
 559   2        }
 560   1        if((P33==1)&&(s4==1))
 561   1          {
 562   2            s4=0;
 563   2            shift0=0;
 564   2          }
 565   1      }
 566          
 567          
 568          
 569          void display1(yi,er)
 570          {
 571   1        P2=0XC0;
 572   1        P0=0X01;
 573   1        P2=0XFF;
 574   1        P0=tap[yi];
 575   1        Delayms(1);
 576   1        
 577   1        P2=0XC0;
 578   1        P0=0X02;
 579   1        P2=0XFF;
 580   1        P0=tap[er];
 581   1        Delayms(1);
 582   1      } 
 583          void display2(san,si)
 584          {
 585   1        P2=0XC0;
 586   1        P0=0X04;
 587   1        P2=0XFF;
 588   1        P0=tap[san];
 589   1        Delayms(1);
 590   1        
 591   1        P2=0XC0;
 592   1        P0=0X08;
 593   1        P2=0XFF;
 594   1        P0=tap[si];
 595   1        Delayms(1);
 596   1      } 
 597          void display3(wu,liu)
 598          {
 599   1        P2=0XC0;
 600   1        P0=0X10;
 601   1        P2=0XFF;
 602   1        P0=tap[wu];
 603   1        Delayms(1);
 604   1        
 605   1        P2=0XC0;
 606   1        P0=0X20;
 607   1        P2=0XFF;
 608   1        P0=tap[liu];
 609   1        Delayms(1);
 610   1      } 
 611          void display4(qi,ba)
 612          {
C51 COMPILER V9.59.0.0   MAIN                                                              07/31/2021 17:14:49 PAGE 11  

 613   1        P2=0XC0;
 614   1        P0=0X40;
 615   1        P2=0XFF;
 616   1        P0=tap[qi];
 617   1        Delayms(1);
 618   1        
 619   1        P2=0XC0;
 620   1        P0=0X80;
 621   1        P2=0XFF;
 622   1        P0=tap[ba];
 623   1        Delayms(1);
 624   1      } 
 625          
 626          
 627          void Allinit(void)
 628          {
 629   1        P2=0XA0;
 630   1        P0=0X00;
 631   1        
 632   1        P2=0XC0;
 633   1        P0=0XFF;
 634   1        P2=0XFF;
 635   1        P0=0XFF;
 636   1        
 637   1        P2=0X80;
 638   1        P0=0XFF;
 639   1      }
 640          void Delay500us()   //@11.0592MHz
 641          {
 642   1        unsigned char i, j;
 643   1      
 644   1        _nop_();
 645   1        _nop_();
 646   1        i = 6;
 647   1        j = 93;
 648   1        do
 649   1        {
 650   2          while (--j);
 651   2        } while (--i);
 652   1      }
 653          void Delay80us()    //@11.0592MHz
 654          {
 655   1        unsigned char i, j;
 656   1      
 657   1        _nop_();
 658   1        i = 1;
 659   1        j = 217;
 660   1        do
 661   1        {
 662   2          while (--j);
 663   2        } while (--i);
 664   1      }
 665          void Delayms(int ms)
 666          {
 667   1        int i,j;
 668   1        for(i=0;i<ms;i++)
 669   1          for(j=845;j>0;j--);
 670   1      }
 671          
 672          
 673          
 674          
C51 COMPILER V9.59.0.0   MAIN                                                              07/31/2021 17:14:49 PAGE 12  



MODULE INFORMATION:   STATIC OVERLAYABLE
   CODE SIZE        =   2068    ----
   CONSTANT SIZE    =   ----    ----
   XDATA SIZE       =   ----    ----
   PDATA SIZE       =   ----    ----
   DATA SIZE        =     52      17
   IDATA SIZE       =   ----    ----
   BIT SIZE         =   ----    ----
END OF MODULE INFORMATION.


C51 COMPILATION COMPLETE.  0 WARNING(S),  0 ERROR(S)
