[info] Log at : 2021/8/11|22:48:11|GMT+0800

[info] Log at : 2021/8/11|23:18:04|GMT+0800

[info] Log at : 2021/8/11|23:27:38|GMT+0800

[SyntaxError: Unexpected token 
 in JSON at position 182
	at JSON.parse (<anonymous>)
	at y.updateCppProperties (c:\Users\86135\.vscode\extensions\cl.keil-assistant-1.7.0\dist\extension.js:1:10911)
	at y.<anonymous> (c:\Users\86135\.vscode\extensions\cl.keil-assistant-1.7.0\dist\extension.js:1:12641)
	at Generator.next (<anonymous>)
	at c:\Users\86135\.vscode\extensions\cl.keil-assistant-1.7.0\dist\extension.js:1:4542
	at new Promise (<anonymous>)
	at r (c:\Users\86135\.vscode\extensions\cl.keil-assistant-1.7.0\dist\extension.js:1:4287)
	at y.load (c:\Users\86135\.vscode\extensions\cl.keil-assistant-1.7.0\dist\extension.js:1:11372)
	at w.<anonymous> (c:\Users\86135\.vscode\extensions\cl.keil-assistant-1.7.0\dist\extension.js:1:8799)
	at Generator.next (<anonymous>)
	at a (c:\Users\86135\.vscode\extensions\cl.keil-assistant-1.7.0\dist\extension.js:1:4344)
	at runMicrotasks (<anonymous>)
	at processTicksAndRejections (internal/process/task_queues.js:93:5)]
[info] Log at : 2021/8/11|23:51:52|GMT+0800

[info] Log at : 2021/8/12|00:02:51|GMT+0800

