C51 COMPILER V9.59.0.0   MAIN                                                              08/09/2021 17:40:45 PAGE 1   


C51 COMPILER V9.59.0.0, COMPILATION OF MODULE MAIN
OBJECT MODULE PLACED IN .\Objects\main.obj
COMPILER INVOKED BY: C:\Keil_v5\C51\BIN\C51.EXE main.c OPTIMIZE(8,SPEED) BROWSE DEBUG OBJECTEXTEND PRINT(.\Listings\main
                    -.lst) TABS(2) OBJECT(.\Objects\main.obj)

line level    source

   1          //EEPROM存储器，模数转换
   2          #include<STC15F2K60S2.H>
   3          unsigned char tap[]={0XC0,0XF9,0XA4,0XB0,0X99,0X92,0X82,0XF8,0X80,0X90,0XBF,0XFF};
   4          unsigned char yi,er,san,si,wu,liu,qi,ba;
   5          unsigned char count;
   6          unsigned char tt;
   7          unsigned char s6;
   8          unsigned char LED=0;
   9          unsigned char start=0;
  10          unsigned int time=100;
  11          unsigned char luminance=10;
  12          unsigned char model=0;
  13          unsigned char LED_Model=0;
  14          sbit SDA=P2^1;
  15          sbit SCL=P2^0;
  16          void InitTimer0();
  17          void Select_Model(void);
  18          void Scan_Keys();
  19          void LED_Indicator();
  20          void Allinit(void);
  21          void Display1(yi,er);
  22          void Display2(san,si);
  23          void Display3(wu,liu);
  24          void Display4(qi,ba);
  25          void Delayms(int ms);
  26          void Delay6us();
  27          void main (void)
  28          {
  29   1        Allinit();
  30   1        InitTimer0();
  31   1        yi=11;er=11;san=11;si=11;wu=11;liu=11;qi=11;ba=11;
  32   1        while(1)
  33   1        {
  34   2          Scan_Keys();
  35   2          Select_Model();
  36   2          Display1(yi,er);
  37   2          Display2(san,si);
  38   2          Display3(wu,liu);
  39   2          Display4(qi,ba);
  40   2        }
  41   1      }
  42          
  43          //=========================数码管显示========================
  44          void Select_Model(void)
  45          {
  46   1        if(s6==1)
  47   1        {
  48   2          switch(model)
  49   2          {
  50   3            case 0:
  51   3            {
  52   4              yi=0;er=LED_Model;san=0;si=11;wu=11;liu=time/100;
  53   4              qi=time%100/10;ba=time%10;
  54   4              
C51 COMPILER V9.59.0.0   MAIN                                                              08/09/2021 17:40:45 PAGE 2   

  55   4              break;
  56   4            }
  57   3            case 1:
  58   3            {
  59   4              tt++;
  60   4              yi=11;er=11;san=11;si=11;wu=11;
  61   4              qi=time%100/10;ba=time%10;
  62   4              if(tt==100)
  63   4              {
  64   5                yi=0;er=LED_Model;san=0;si=11;wu=11;liu=time/100;
  65   5                qi=time%100/10;ba=time%10;
  66   5                tt=0;
  67   5              }
  68   4      
  69   4              break;    
  70   4            }
  71   3            case 2:
  72   3            {
  73   4              tt++;
  74   4              yi=0;er=LED_Model;san=0;si=11;wu=11;liu=11;
  75   4              qi=11;ba=11;
  76   4              if(tt==100)
  77   4              {
  78   5                liu=time/100;
  79   5                qi=time%100/10;ba=time%10;
  80   5                tt=0;
  81   5              }
  82   4            
  83   4              break;  
  84   4            }
  85   3          }
  86   2        }
  87   1      }
  88          //=========================LED指示灯=========================
  89          void InitTimer0()
  90          {
  91   1        TMOD=0X01;
  92   1        TH0=(65535-1000)/256;
  93   1        TL0=(65535-1000)%256;
  94   1        
  95   1        EA=1;
  96   1        ET0=1;
  97   1        
  98   1      }
  99          
 100          void Service_Timer0() interrupt 1
 101          {
 102   1        TH0=(65535-1000)/256;
 103   1        TL0=(65535-1000)%256;
 104   1        
 105   1        
 106   1        LED_Indicator();
 107   1        
 108   1      }
 109          void LED_Indicator()
 110          {
 111   1        count++;
 112   1        switch(LED_Model)
 113   1        {
 114   2          case 0:
 115   2          P2=0X80;
 116   2          if(count<=10)
C51 COMPILER V9.59.0.0   MAIN                                                              08/09/2021 17:40:45 PAGE 3   

 117   2          {
 118   3            P0=~(0X01<<LED);
 119   3          }
 120   2          else if(count<=luminance)
 121   2          {
 122   3            P0=0XFF;
 123   3          }
 124   2          else 
 125   2          {
 126   3            LED++;
 127   3            P0=~(0X01<<LED);
 128   3            count=0;
 129   3            if(LED==8)
 130   3            {
 131   4              LED_Model=1;
 132   4              LED=0;
 133   4            } 
 134   3          }
 135   2          break;
 136   2          
 137   2          case 1:
 138   2            P2=0X80;
 139   2          if(count<=time)
 140   2          {
 141   3            P0=~(0X80>>LED);
 142   3          }
 143   2          else if(count<=10)
 144   2          {
 145   3            P0=0XFF;
 146   3          }
 147   2          else 
 148   2          {
 149   3            LED++;
 150   3            P0=~(0X80>>LED);      
 151   3            count=0;
 152   3            if(LED==8)
 153   3            {
 154   4              LED_Model=2;
 155   4              LED=0;
 156   4            }
 157   3          }
 158   2          break;
 159   2          
 160   2          case 2:
 161   2            P2=0X80;
 162   2          if(count<=time)
 163   2          {
 164   3            P0=~((0X80>>LED)|(0X01<<LED));
 165   3          }
 166   2          else if(count<=10)
 167   2          {
 168   3            P0=0XFF;
 169   3          }
 170   2          else 
 171   2          {
 172   3            LED++;
 173   3            P0=~((0X80>>LED)|(0X01<<LED));
 174   3            count=0;
 175   3            if(LED==4)
 176   3            {
 177   4              LED_Model=3;
 178   4              LED=0;
C51 COMPILER V9.59.0.0   MAIN                                                              08/09/2021 17:40:45 PAGE 4   

 179   4            }
 180   3          }
 181   2          break;
 182   2          
 183   2          case 3:
 184   2            P2=0X80;
 185   2          if(count<=time)
 186   2          {
 187   3            P0=~((0X08>>LED)|(0X10<<LED));
 188   3          }
 189   2          else if(count<=10)
 190   2          {
 191   3            P0=0XFF;
 192   3          }
 193   2          else 
 194   2          {
 195   3            LED++;
 196   3            P0=~((0X08>>LED)|(0X10<<LED));
 197   3            count=0;
 198   3            if(LED==4)
 199   3            {
 200   4              LED_Model=0;
 201   4              LED=0;
 202   4            }
 203   3          }
 204   2          break;
 205   2        }
 206   1      }
 207          //========================独立按键===========================
 208          void Scan_Keys()//S7按键
 209          {
 210   1        if(P30==0)
 211   1        {
 212   2          Delayms(5);
 213   2          if(P30==0)
 214   2          {
 215   3            TR0=!TR0;
 216   3          }
 217   2          while(!P30);
 218   2        }
 219   1        else if(P31==0)//S6按键 设置按键
 220   1        {
 221   2          Delayms(5);
 222   2          if(P31==0)
 223   2          {
 224   3            s6=1;
 225   3            model++;
 226   3            if(model==3)
 227   3            {
 228   4              model=0;
 229   4            }
 230   3          }
 231   2          while(!P31);
 232   2        }
 233   1        else if(P32==0)//S5按键
 234   1        {
 235   2          Delayms(5);
 236   2          if(P32==0)
 237   2          {
 238   3            luminance=luminance+10;
 239   3            time=time+50;
 240   3            if(time==300)
C51 COMPILER V9.59.0.0   MAIN                                                              08/09/2021 17:40:45 PAGE 5   

 241   3            {
 242   4              time=100;
 243   4            }
 244   3          }
 245   2          while(!P32);
 246   2        }
 247   1        else if(P33==0)//S4按键
 248   1        {
 249   2          Delayms(5);
 250   2          if(P33==0)
 251   2          {
 252   3            time=time-50;
 253   3            if(time==50)
 254   3            {
 255   4              time=250;
 256   4            }
 257   3          }
 258   2          while(!P33);
 259   2        }
 260   1      }
 261          
 262          //=====================PCF8591模数转换=======================
 263          void IIC_Start()
 264          {
 265   1        SDA=1;
 266   1        SCL=1;
 267   1        Delay6us();
 268   1        SDA=0;
 269   1        Delay6us();
 270   1        SCL=0;
 271   1      }
 272          void IIC_Stop()
 273          {
 274   1        SDA=0;
 275   1        SCL=1;
 276   1        Delay6us();
 277   1        SDA=1;
 278   1      }
 279          void IIC_SendByte(unsigned char dat)
 280          {
 281   1        unsigned char i;
 282   1        for(i=0;i<8;i++)
 283   1        {
 284   2          if(dat&0X80)SDA=1;
 285   2          else SDA=0;
 286   2          Delay6us();
 287   2          SCL=1;
 288   2          dat<<=1;
 289   2          Delay6us();
 290   2          SCL=0;
 291   2        }
 292   1      }
 293          bit IIC_WaitAck()
 294          {
 295   1        SDA=1;
 296   1        Delay6us();
 297   1        SCL=1;
 298   1        Delay6us();
 299   1        if(SDA)
 300   1        {
 301   2          SCL=0;
 302   2          IIC_Stop();
C51 COMPILER V9.59.0.0   MAIN                                                              08/09/2021 17:40:45 PAGE 6   

 303   2          return 0;
 304   2        }
 305   1        else
 306   1        {
 307   2          SCL=0;
 308   2          return 1;
 309   2        }
 310   1      }
 311          void IIC_SendAck(bit ackbit)
 312          {
 313   1          SCL = 0;
 314   1          SDA = ackbit;           // 0：应答，1：非应答
 315   1          Delay6us();
 316   1          SCL = 1;
 317   1          Delay6us();
 318   1          SCL = 0; 
 319   1          SDA = 1;
 320   1          Delay6us();
 321   1      }
 322          unsigned char IIC_RecByte()
 323          {
 324   1        unsigned char i;
 325   1        unsigned char dat;
 326   1        for(i=0;i<8;i++)
 327   1        {
 328   2          SCL=1;
 329   2          Delay6us();
 330   2          dat<<=1;
 331   2          if(SDA)dat|=0X01;
 332   2          
 333   2          SCL=0;
 334   2          Delay6us();
 335   2        }
 336   1        return dat;
 337   1      }
 338          unsigned char AD_Read(unsigned char add)
 339          {
 340   1        unsigned char temp;
 341   1        IIC_Start();
 342   1        IIC_SendByte(0X90);
 343   1        IIC_WaitAck();
 344   1        IIC_SendByte(add);
 345   1        IIC_WaitAck();
 346   1        IIC_Stop();
 347   1        
 348   1        IIC_Start();
 349   1        IIC_SendByte(0X91);
 350   1        IIC_WaitAck();
 351   1        temp=IIC_RecByte();
 352   1        IIC_Stop();
 353   1        
 354   1        temp=temp*0.039;
 355   1        return temp;
 356   1      }
 357          //=====================AT24C02存储芯片=======================
 358          void Write_24C02(unsigned char addr, unsigned char dat)
 359          {
 360   1        IIC_Start();    //IIC总线起始信号         
 361   1        IIC_SendByte(0xa0);   //24C02的写设备地址
 362   1        IIC_WaitAck();    //等待从机应答  
 363   1        IIC_SendByte(addr);   //内存字节字节
 364   1        IIC_WaitAck();    //等待从机应答  
C51 COMPILER V9.59.0.0   MAIN                                                              08/09/2021 17:40:45 PAGE 7   

 365   1        IIC_SendByte(dat);  //写入目标数据
 366   1        IIC_WaitAck();    //等待从机应答  
 367   1        IIC_Stop();
 368   1      }
 369          unsigned char Read_24C02(unsigned char addr)
 370          {
 371   1        unsigned char tmp;
 372   1        //进行一个伪写操作
 373   1        IIC_Start();    //IIC总线起始信号         
 374   1        IIC_SendByte(0xa0);   //24C02写设备地址
 375   1        IIC_WaitAck();    //等待从机应答  
 376   1        IIC_SendByte(addr);   //内存自己地址
 377   1        IIC_WaitAck();    //等待从机应答  
 378   1        IIC_Stop();                   
 379   1        //进行字节读操作
 380   1        IIC_Start();    //IIC总线起始信号         
 381   1        IIC_SendByte(0xa1);   //24C02读设备地址
 382   1        IIC_WaitAck();    //等待从机应答  
 383   1        tmp = IIC_RecByte();  //读取目标数据
 384   1        IIC_SendAck(0);     //产生非应答信号    
 385   1        IIC_Stop();   //IIC总线停止信号     
 386   1        return tmp;
 387   1      }
 388          //===========================================================
 389          void Allinit(void)
 390          {
 391   1        P2=0XA0;
 392   1        P0=0X00;
 393   1        
 394   1        P2=0XC0;
 395   1        P0=0XFF;
 396   1        P2=0XFF;
 397   1        P0=0XFF;
 398   1        
 399   1        P2=0X80;
 400   1        P0=0XFF;
 401   1      }
 402          void Display1(yi,er)
 403          {
 404   1        P2=0XC0;
 405   1        P0=0X01;
 406   1        P2=0XFF;
 407   1        P0=tap[yi];
 408   1        Delayms(1);
 409   1        
 410   1        P2=0XC0;
 411   1        P0=0X02;
 412   1        P2=0XFF;
 413   1        P0=tap[er];
 414   1        Delayms(1);
 415   1      }
 416          void Display2(san,si)
 417          {
 418   1        P2=0XC0;
 419   1        P0=0X04;
 420   1        P2=0XFF;
 421   1        P0=tap[san];
 422   1        Delayms(1);
 423   1        
 424   1        P2=0XC0;
 425   1        P0=0X08;
 426   1        P2=0XFF;
C51 COMPILER V9.59.0.0   MAIN                                                              08/09/2021 17:40:45 PAGE 8   

 427   1        P0=tap[si];
 428   1        Delayms(1);
 429   1      }
 430          void Display3(wu,liu)
 431          {
 432   1        P2=0XC0;
 433   1        P0=0X10;
 434   1        P2=0XFF;
 435   1        P0=tap[wu];
 436   1        Delayms(1);
 437   1        
 438   1        P2=0XC0;
 439   1        P0=0X20;
 440   1        P2=0XFF;
 441   1        P0=tap[liu];
 442   1        Delayms(1);
 443   1      }
 444          void Display4(qi,ba)
 445          {
 446   1        P2=0XC0;
 447   1        P0=0X40;
 448   1        P2=0XFF;
 449   1        P0=tap[qi];
 450   1        Delayms(1);
 451   1        
 452   1        P2=0XC0;
 453   1        P0=0X80;
 454   1        P2=0XFF;
 455   1        P0=tap[ba];
 456   1        Delayms(1);
 457   1      }
 458          void Delayms(int ms)
 459          {
 460   1        int i,j;
 461   1        for(i=0;i<ms;i++)
 462   1          for(j=845;j>0;j--);
 463   1      }
 464          void Delay6us()   //@11.0592MHz
 465          {
 466   1        unsigned char i;
 467   1      
 468   1        i = 14;
 469   1        while (--i);
 470   1      }
 471          
 472          
 473          


MODULE INFORMATION:   STATIC OVERLAYABLE
   CODE SIZE        =   1517    ----
   CONSTANT SIZE    =   ----    ----
   XDATA SIZE       =   ----    ----
   PDATA SIZE       =   ----    ----
   DATA SIZE        =     30      18
   IDATA SIZE       =   ----    ----
   BIT SIZE         =   ----       1
END OF MODULE INFORMATION.


C51 COMPILATION COMPLETE.  0 WARNING(S),  0 ERROR(S)
