C51 COMPILER V9.60.0.0   MAIN                                                              12/24/2021 16:04:30 PAGE 1   


C51 COMPILER V9.60.0.0, COMPILATION OF MODULE MAIN
OBJECT MODULE PLACED IN .\Objects\main.obj
COMPILER INVOKED BY: D:\Keil_v5\C51\BIN\C51.EXE main.c OPTIMIZE(8,SPEED) BROWSE DEBUG OBJECTEXTEND PRINT(.\Listings\main
                    -.lst) TABS(2) OBJECT(.\Objects\main.obj)

line level    source

   1          //LED灯
   2          /*#include<STC15F2K60S2.H>
   3          
   4          unsigned int i;
   5          
   6          void main(void)
   7          {
   8            P2=0XA0;P0=0X80;
   9            P2=0X9F;P0=0XFF;//P25=0;P26=0;P27=1;或者：P2=0X80
  10            
  11            while(1)
  12            {
  13              P00=0;
  14              for(i=0;i<65535;i++);
  15              P00=1;
  16              for(i=0;i<65535;i++);
  17            }
  18          }
  19          */
  20          //继电器打开关闭&蜂鸣器打开
  21          /*#include<STC15F2K60S2.H>
  22          unsigned int i;
  23          
  24          void main(void)
  25          {
  26            P25=1;P26=0;P27=1;
  27            
  28            while(1)
  29            {
  30              P04=0;
  31              for(i=0;i<65535;i++);
  32              P04=1;
  33              for(i=0;i<65535;i++);
  34            }
  35          }
  36          */
  37          //数码管正计时
  38          /*#include<STC15F2K60S2.H>
  39          
  40          void Delayms(int ms);
  41          void main (void)
  42          {
  43            P2=0XA0;P0=0X00;P2=0X80;P0=0XFF;
  44          
  45            
  46            while(1)
  47            {
  48              P2=0XC0;//打开数码管位选573锁存器 Y6C=0
  49              P0=0X01;//选中第一个数码管        C0M1=1
  50              P2=0XE0;//打开数码管段选573锁存器 Y7C=0
  51              P0=0XF9;//数码管显示1 
  52              Delayms(1);
  53              
  54              P2=0XC0;
C51 COMPILER V9.60.0.0   MAIN                                                              12/24/2021 16:04:30 PAGE 2   

  55              P0=0X02;
  56              P2=0XE0;
  57              P0=0XA4;
  58              Delayms(1);
  59              
  60              P2=0XC0;
  61              P0=0X04;
  62              P2=0XE0;
  63              P0=0XB0;
  64              Delayms(1);
  65            }
  66          }
  67          void Delayms(int ms)
  68          {
  69            int i,j;
  70            for(i=0;i<ms;i++)
  71              for(j=845;j>0;j--);
  72          }
  73          
  74          */
  75          //99倒计时&LED灯、蜂鸣器指示
  76          #include<STC15F2K60S2.H>
  77          
  78          unsigned char tap[]={0XC0,0XF9,0XA4,0XB0,0X99,0X92,0X82,0XF8,0X80,0X90};
  79          
  80          char num=99;
  81          unsigned int i;
  82          
  83          unsigned char yi,er;
  84          void Delayms(int ms);
  85          void Indicator_NUM (void);
  86          void display(unsigned char yi,unsigned char er);
  87          void main (void)
  88          {
  89   1          P2=0XA0;P0=0X00;P2=0X80;P0=0XFF;
  90   1          while(1)
  91   1          {
  92   2            i++;
  93   2            if(i==500)
  94   2            {
  95   3              i=0;
  96   3              num--;
  97   3              if(num<0)
  98   3              {
  99   4                num=99;
 100   4              }
 101   3            } 
 102   2            
 103   2            yi=num/10;
 104   2            er=num%10;
 105   2            display(yi,er);
 106   2            Indicator_NUM();
 107   2          }
 108   1      }
 109          
 110          void display(unsigned char yi,unsigned char er)
 111          {
 112   1          P2=0XC0;//打开数码管位选573锁存器 Y6C=0
 113   1          P0=0X01;//选中第一个数码管        C0M1=1
 114   1          P2=0XE0;//打开数码管段选573锁存器 Y7C=0
 115   1          P0=tap[yi];
 116   1          Delayms(1);
C51 COMPILER V9.60.0.0   MAIN                                                              12/24/2021 16:04:30 PAGE 3   

 117   1          
 118   1          P2=0XC0;
 119   1          P0=0X02;
 120   1          P2=0XE0;
 121   1          P0=tap[er];
 122   1          Delayms(1);
 123   1      }
 124          void Indicator_NUM (void)
 125          {
 126   1        if(num<70)
 127   1        {
 128   2          P2=0X80;
 129   2          P0=0XFE;
 130   2          if(num<30)
 131   2          {
 132   3            P2=0XA0;
 133   3            P0=0XFF;
 134   3            if(num==0)
 135   3            {
 136   4              P0=0X00;
 137   4            }
 138   3          }
 139   2        }
 140   1        else
 141   1        {
 142   2          P2=0X80;
 143   2          P0=0XFF;
 144   2        }
 145   1      }
 146          void Delayms(int ms)
 147          {
 148   1        int i,j;
 149   1        for(i=0;i<ms;i++)
 150   1          for(j=845;j>0;j--);
 151   1      }
 152          //99倒计时过后出现乱码的情况
 153          
 154          //全部动态数码管
 155          /*#include<STC15F2K60S2.H>
 156          
 157          unsigned char tap[]={0XC0,0XF9,0XA4,0XB0,0X99,0X92,0X82,0XF8,0X80,0X90};
 158          unsigned char yi,er,san,si,wu,liu,qi,ba;
 159          
 160          void Delayms(int ms);
 161          void display(yi,er,san,si,wu,liu,qi,ba);
 162          
 163          void main (void)
 164          {
 165              P2=0XA0;P0=0X00;P2=0X80;P0=0XFF;
 166              while(1)
 167              {
 168                
 169                yi=1;er=2;san=3;si=4;wu=5;liu=6;qi=7; ba=8;
 170                display(yi,er,san,si,wu,liu,qi,ba);
 171              
 172              }
 173          }
 174          
 175          void display(yi,er,san,si,wu,liu,qi,ba)
 176          {
 177              P2=0XC0;//打开数码管位选573锁存器 Y6C=0
 178              P0=0X01;//选中第一个数码管        C0M1=1
C51 COMPILER V9.60.0.0   MAIN                                                              12/24/2021 16:04:30 PAGE 4   

 179              P2=0XE0;//打开数码管段选573锁存器 Y7C=0
 180              P0=tap[yi];
 181              Delayms(1);
 182              
 183              P2=0XC0;
 184              P0=0X02;
 185              P2=0XE0;
 186              P0=tap[er];
 187              Delayms(1);
 188            
 189              P2=0XC0;
 190              P0=0X04;
 191              P2=0XE0;
 192              P0=tap[san];
 193              Delayms(1);
 194              
 195              P2=0XC0;
 196              P0=0X08;
 197              P2=0XE0;
 198              P0=tap[si];
 199              Delayms(1);
 200              
 201              P2=0XC0;
 202              P0=0X10;
 203              P2=0XE0;
 204              P0=tap[wu];
 205              Delayms(1);
 206              
 207              P2=0XC0;
 208              P0=0X20;
 209              P2=0XE0;
 210              P0=tap[liu];
 211              Delayms(1);
 212              
 213              P2=0XC0;
 214              P0=0X40;
 215              P2=0XE0;
 216              P0=tap[qi];
 217              Delayms(1);
 218              
 219              P2=0XC0;
 220              P0=0X80;
 221              P2=0XE0;
 222              P0=tap[ba];
 223              Delayms(1);
 224          }
 225          
 226          void Delayms(int ms)
 227          {
 228            int i,j;
 229            for(i=0;i<ms;i++)
 230              for(j=845;j>0;j--);
 231          }
 232          */
 233          //按键控制倒计时、正计时
 234          /*#include<STC15F2K60S2.H>
 235          
 236          unsigned char tap[]={0XC0,0XF9,0XA4,0XB0,0X99,0X92,0X82,0XF8,0X80,0X90};
 237          
 238          unsigned char num;
 239          unsigned int i;
 240          bit s7,s6;
C51 COMPILER V9.60.0.0   MAIN                                                              12/24/2021 16:04:30 PAGE 5   

 241          void keyscan(void);
 242          unsigned char yi,er;
 243          void Delayms(int ms);
 244          void display(yi,er);
 245          void main (void)
 246          {
 247              P2=0XA0;P0=0X00;P2=0X80;P0=0XFF;
 248              yi=0;er=0;
 249              while(1)
 250              {
 251                i++;
 252                if(i==500)
 253                {
 254                  i=0;
 255                  if(s7==1)num--;
 256                  else num++; 
 257                } 
 258                keyscan();
 259                yi=num/10;
 260                er=num%10;
 261                display(yi,er);
 262              
 263              }
 264          }
 265          
 266          void display(yi,er)
 267          {
 268              P2=0XC0;//打开数码管位选573锁存器 Y6C=0
 269              P0=0X01;//选中第一个数码管        C0M1=1
 270              P2=0XE0;//打开数码管段选573锁存器 Y7C=0
 271              P0=tap[yi];
 272              Delayms(1);
 273              
 274              P2=0XC0;
 275              P0=0X02;
 276              P2=0XE0;
 277              P0=tap[er];
 278              Delayms(1);
 279          }
 280          void keyscan(void)//独立键盘
 281          {
 282            if(P30==0)
 283            {
 284              Delayms(5);
 285              if(P30==0)
 286              {
 287                s7=1;s6=0;
 288                num=99;
 289              }
 290              while(!P30);//等待手的松开,抬手检测
 291            }
 292            else if(P31==0)
 293            {
 294              Delayms(5);
 295              if(P31==0)
 296              {
 297                s6=1;s7=0;
 298                num=0;
 299              }
 300              while(!P31);//等待手的松开,抬手检测
 301            }
 302          }
C51 COMPILER V9.60.0.0   MAIN                                                              12/24/2021 16:04:30 PAGE 6   

 303          void Delayms(int ms)
 304          {
 305            int i,j;
 306            for(i=0;i<ms;i++)
 307              for(j=845;j>0;j--);
 308          }
 309          */
 310          
 311          
 312          


MODULE INFORMATION:   STATIC OVERLAYABLE
   CODE SIZE        =    225    ----
   CONSTANT SIZE    =   ----    ----
   XDATA SIZE       =   ----    ----
   PDATA SIZE       =   ----    ----
   DATA SIZE        =     15       1
   IDATA SIZE       =   ----    ----
   BIT SIZE         =   ----    ----
END OF MODULE INFORMATION.


C51 COMPILATION COMPLETE.  0 WARNING(S),  0 ERROR(S)
