C51 COMPILER V9.59.0.0   MAIN                                                              08/24/2021 10:55:50 PAGE 1   


C51 COMPILER V9.59.0.0, COMPILATION OF MODULE MAIN
OBJECT MODULE PLACED IN .\Objects\main.obj
COMPILER INVOKED BY: C:\Keil_v5\C51\BIN\C51.EXE main.c OPTIMIZE(8,SPEED) BROWSE DEBUG OBJECTEXTEND PRINT(.\Listings\main
                    -.lst) TABS(2) OBJECT(.\Objects\main.obj)

line level    source

   1          
   2          /*#include<STC15F2K60S2.H>
   3          void Delayms(int ms);
   4          void main (void)
   5          {
   6            P2=0XA0;P0=0X00;P2=0X80;P0=0XFF;
   7            P2=0XC0;P0=0X01;P2=0XFF;P0=0XFF;
   8            
   9            while(1)
  10            {
  11              P0=0XC0;
  12              Delayms(1000);
  13              P0=0XF9;
  14              Delayms(1000);
  15              P0=0XB0;
  16              Delayms(1000);  
  17              P0=0X99;
  18              Delayms(1000);
  19              P0=0X92;
  20              Delayms(1000);
  21              P0=0X82;
  22              Delayms(1000);
  23              P0=0XF8;
  24              Delayms(1000);
  25              P0=0X80;
  26              Delayms(1000);
  27              P0=0X90;
  28              Delayms(1000);
  29              P0=0XBF;
  30              Delayms(1000);
  31              P0=0XFF;
  32              Delayms(1000);
  33            }
  34          }
  35          void Delayms(int ms)
  36          {
  37            int i,j;
  38            for(i=0;i<ms;i++)
  39              for(j=845;j>0;j--);
  40          
  41          }
  42          */
  43          
  44          #include<STC15F2K60S2.H>
  45          void Delayms(int ms);
  46          void Key_Scan(void);
  47          unsigned char tap[]={0XC0,0XF9,0XA4,0XB0,0X99,0X92,0X82,0XF8,0X80,0X90,\
  48          0X88,0X80,0xC6,0XC0,0X86,0X8E};
  49          unsigned char num;
  50          unsigned char SMG_Flag;
  51          void main (void)
  52          {
  53   1        P2=0XA0;P0=0X00;P2=0X80;P0=0XFF;
  54   1        P2=0XC0;P0=0X01;P2=0XFF;P0=0XFF;
C51 COMPILER V9.59.0.0   MAIN                                                              08/24/2021 10:55:50 PAGE 2   

  55   1        while(1)
  56   1        {
  57   2          Key_Scan();
  58   2          if(SMG_Flag==1)
  59   2            {
  60   3              P0=tap[num];
  61   3              Delayms(1000);
  62   3              num++;
  63   3              if(num==16)num=0;//±‹√‚¬“¬Î
  64   3            }
  65   2        }
  66   1      }
  67          void Key_Scan(void)
  68          {
  69   1        if(P33==0)
  70   1        {
  71   2          Delayms(5);
  72   2          if(P33==0)
  73   2          {
  74   3            SMG_Flag=1;
  75   3          }
  76   2          while(!P33);
  77   2        }
  78   1      }
  79          void Delayms(int ms)
  80          {
  81   1        int i,j;
  82   1        for(i=0;i<ms;i++)
  83   1          for(j=845;j>0;j--);
  84   1      }
  85          


MODULE INFORMATION:   STATIC OVERLAYABLE
   CODE SIZE        =    117    ----
   CONSTANT SIZE    =   ----    ----
   XDATA SIZE       =   ----    ----
   PDATA SIZE       =   ----    ----
   DATA SIZE        =     18    ----
   IDATA SIZE       =   ----    ----
   BIT SIZE         =   ----    ----
END OF MODULE INFORMATION.


C51 COMPILATION COMPLETE.  0 WARNING(S),  0 ERROR(S)
