C51 COMPILER V9.60.0.0   IIC                                                               12/06/2021 20:28:54 PAGE 1   


C51 COMPILER V9.60.0.0, COMPILATION OF MODULE IIC
OBJECT MODULE PLACED IN .\Objects\iic.obj
COMPILER INVOKED BY: C:\Keil_v5\C51\BIN\C51.EXE iic.c OPTIMIZE(8,SPEED) BROWSE DEBUG OBJECTEXTEND PRINT(.\Listings\iic.l
                    -st) TABS(2) OBJECT(.\Objects\iic.obj)

line level    source

   1          /*
   2            程序说明: IIC总线驱动程序
   3            软件环境: Keil uVision 4.10 
   4            硬件环境: CT107单片机综合实训平台 8051，12MHz
   5            日    期: 2011-8-9
   6          */
   7          
   8          #include "reg52.h"
   9          #include "intrins.h"
  10          
  11          #define DELAY_TIME 50
  12          
  13          #define SlaveAddrW 0xA0
  14          #define SlaveAddrR 0xA1
  15          
  16          //总线引脚定义
  17          sbit SDA = P2^1;  /* 数据线 */
  18          sbit SCL = P2^0;  /* 时钟线 */
  19          
  20          void IIC_Delay(unsigned char i)
  21          {
  22   1          do{_nop_();}
  23   1          while(i--);        
  24   1      }
  25          
  26          //总线启动条件
  27          void IIC_Start(void)
  28          {
  29   1          SDA = 1;
  30   1          SCL = 1;
  31   1          IIC_Delay(DELAY_TIME);
  32   1          SDA = 0;
  33   1          IIC_Delay(DELAY_TIME);
  34   1          SCL = 0;  
  35   1      }
  36          
  37          //总线停止条件
  38          void IIC_Stop(void)
  39          {
  40   1          SDA = 0;
  41   1          SCL = 1;
  42   1          IIC_Delay(DELAY_TIME);
  43   1          SDA = 1;
  44   1          IIC_Delay(DELAY_TIME);
  45   1      }
  46          
  47          //发送应答
  48          void IIC_SendAck(bit ackbit)
  49          {
  50   1          SCL = 0;
  51   1          SDA = ackbit;           // 0：应答，1：非应答
  52   1          IIC_Delay(DELAY_TIME);
  53   1          SCL = 1;
  54   1          IIC_Delay(DELAY_TIME);
C51 COMPILER V9.60.0.0   IIC                                                               12/06/2021 20:28:54 PAGE 2   

  55   1          SCL = 0; 
  56   1          SDA = 1;
  57   1          IIC_Delay(DELAY_TIME);
  58   1      }
  59          
  60          //等待应答
  61          bit IIC_WaitAck(void)
  62          {
  63   1          bit ackbit;
  64   1        
  65   1          SCL  = 1;
  66   1          IIC_Delay(DELAY_TIME);
  67   1          ackbit = SDA;
  68   1          SCL = 0;
  69   1          IIC_Delay(DELAY_TIME);
  70   1          return ackbit;
  71   1      }
  72          
  73          //通过I2C总线发送数据
  74          void IIC_SendByte(unsigned char byt)
  75          {
  76   1          unsigned char i;
  77   1      
  78   1          for(i=0; i<8; i++)
  79   1          {
  80   2              SCL  = 0;
  81   2              IIC_Delay(DELAY_TIME);
  82   2              if(byt & 0x80) SDA  = 1;
  83   2              else SDA  = 0;
  84   2              IIC_Delay(DELAY_TIME);
  85   2              SCL = 1;
  86   2              byt <<= 1;
  87   2              IIC_Delay(DELAY_TIME);
  88   2          }
  89   1          SCL  = 0;  
  90   1      }
  91          
  92          //从I2C总线上接收数据
  93          unsigned char IIC_RecByte(void)
  94          {
  95   1          unsigned char i, da;
  96   1          for(i=0; i<8; i++)
  97   1          {   
  98   2            SCL = 1;
  99   2            IIC_Delay(DELAY_TIME);
 100   2            da <<= 1;
 101   2            if(SDA) da |= 1;
 102   2            SCL = 0;
 103   2            IIC_Delay(DELAY_TIME);
 104   2          }
 105   1          return da;    
 106   1      }
 107          
 108          
 109          unsigned char AD_read(unsigned char dat)
 110          {
 111   1          unsigned char AD;
 112   1          IIC_Start();
 113   1          IIC_SendByte(0X90);
 114   1          IIC_WaitAck();
 115   1          IIC_SendByte(dat);
 116   1          IIC_WaitAck();
C51 COMPILER V9.60.0.0   IIC                                                               12/06/2021 20:28:54 PAGE 3   

 117   1          IIC_Stop();
 118   1      
 119   1          IIC_Start();
 120   1          IIC_SendByte(0X91);
 121   1          IIC_WaitAck();
 122   1          AD = IIC_RecByte();
 123   1          IIC_SendAck(1);
 124   1          IIC_Stop();
 125   1      
 126   1          return AD;
 127   1      }
 128          
 129          
 130          /*
 131          void AD_write(unsigned char dat)
 132          {
 133              IIC_Start();
 134              IIC_SendByte(0x90);
 135              IIC_WaitAck();
 136              IIC_SendByte(0x40);
 137              IIC_WaitAck();
 138              IIC_SendByte(dat);
 139              IIC_WaitAck();
 140              IIC_Stop();
 141          }
 142          
 143          
 144          
 145          unsigned char AT24C02_read(unsigned char add)
 146          {
 147              unsigned char da;
 148          
 149              IIC_Start();
 150              IIC_SendByte(0XA0);
 151              IIC_WaitAck();
 152              IIC_SendByte(add);
 153              IIC_WaitAck();
 154              IIC_Stop();
 155          
 156              IIC_Start();
 157              IIC_SendByte(0XA1);
 158              IIC_WaitAck();
 159              da = IIC_RecByte();
 160              IIC_SendAck(1);
 161              IIC_Stop();
 162          
 163              return da;
 164          }
 165          
 166          void AT24C02_write(unsigned char add,unsigned char dat)
 167          {
 168              IIC_Start();
 169              IIC_SendByte(0xA0);
 170              IIC_WaitAck();
 171              IIC_SendByte(add);
 172              IIC_WaitAck();
 173              IIC_SendByte(dat);
 174              IIC_WaitAck();
 175              IIC_Stop();
 176          }
 177          */
 178          
C51 COMPILER V9.60.0.0   IIC                                                               12/06/2021 20:28:54 PAGE 4   

 179          // //总线引脚定义
 180          // sbit SDA = P2^1;  /* 数据线 */
 181          // sbit SCL = P2^0;  /* 时钟线 */
 182          
 183          // void Delay10us()   //@11.0592MHz
 184          // {
 185          //  unsigned char i;
 186          
 187          //  _nop_();
 188          //  i = 25;
 189          //  while (--i);
 190          // }
 191          
 192          // void IIC_Start()
 193          // {
 194          //     SDA = 1;
 195          //     SCL = 1;
 196          //     Delay10us();
 197          //     SDA = 0;
 198          //     Delay10us();
 199          // }
 200          
 201          // void IIC_Stop()
 202          // {
 203          //     SDA = 0;
 204          //     SCL = 1;
 205          //     Delay10us();
 206          //     SDA = 1;
 207          //     Delay10us();
 208          // }
 209          
 210          // void IIC_SendByte(unsigned char dat)
 211          // {
 212          //     unsigned char i;
 213          
 214          //     for(i=0;i<8;i++)
 215          //     {
 216          //         SCL = 0 ;
 217          //         Delay10us();
 218          //         if(dat & 0x80)SDA=1;
 219          //         else SDA =0;
 220          //         Delay10us();
 221          //         SCL = 1;
 222          //         dat <<= 1;
 223          //         Delay10us();
 224          //     }
 225          //     SCL = 0 ;
 226          // }
 227          
 228          
 229          // bit IIC_WaitAck(void)
 230          // {
 231          //     bit ackbit;
 232          
 233          //     SCL = 1 ;
 234          //     Delay10us();
 235          //     ackbit = SDA ;
 236          //     SCL = 0 ; 
 237          //     Delay10us();
 238          
 239          //     return ackbit;
 240          // }
C51 COMPILER V9.60.0.0   IIC                                                               12/06/2021 20:28:54 PAGE 5   

 241          
 242          // unsigned char IIC_RecByte(void)
 243          // {
 244          //     unsigned char dat;
 245          //     unsigned char i;
 246          
 247          //     for(i=0;i<8;i++)
 248          //     {
 249          //         SCL = 1 ;
 250          //         Delay10us();
 251          //         dat<<=1;
 252          //         if(SDA) dat |= 0x01;
 253          //         SCL = 0 ;
 254          //         Delay10us();
 255          //     }
 256          //     return dat;
 257          // }
 258          
 259          
 260          // void IIC_SendAck(bit ackbit)
 261          // {
 262          //     SDA = ackbit;
 263          //     Delay10us();
 264          //     SCL = 1 ;
 265          //     Delay10us();
 266          //     SCL = 0 ;
 267          //     SDA = 1 ;
 268          //     Delay10us();
 269          // }


MODULE INFORMATION:   STATIC OVERLAYABLE
   CODE SIZE        =    218    ----
   CONSTANT SIZE    =   ----    ----
   XDATA SIZE       =   ----    ----
   PDATA SIZE       =   ----    ----
   DATA SIZE        =   ----    ----
   IDATA SIZE       =   ----    ----
   BIT SIZE         =   ----       2
END OF MODULE INFORMATION.


C51 COMPILATION COMPLETE.  0 WARNING(S),  0 ERROR(S)
