C51 COMPILER V9.60.0.0   ONEWIRE                                                           11/13/2021 22:45:28 PAGE 1   


C51 COMPILER V9.60.0.0, COMPILATION OF MODULE ONEWIRE
OBJECT MODULE PLACED IN .\Objects\onewire.obj
COMPILER INVOKED BY: C:\Keil_v5\C51\BIN\C51.EXE onewire.c OPTIMIZE(8,SPEED) BROWSE DEBUG OBJECTEXTEND PRINT(.\Listings\o
                    -newire.lst) TABS(2) OBJECT(.\Objects\onewire.obj)

line level    source

   1          /*
   2            程序说明: 单总线驱动程序
   3            软件环境: Keil uVision 4.10 
   4            硬件环境: CT107单片机综合实训平台(外部晶振12MHz) STC89C52RC单片机
   5            日    期: 2011-8-9
   6          */
   7          #include "reg52.h"
   8          #include <intrins.h>
   9          
  10          sbit DQ = P1^4;  //单总线接口
  11          
  12          ////单总线延时函数
  13          //void Delay_OneWire(unsigned int t)  //STC89C52RC
  14          //{
  15          //  while(t--);
  16          //}
  17          
  18          ////通过单总线向DS18B20写一个字节
  19          //void Write_DS18B20(unsigned char dat)
  20          //{
  21          //  unsigned char i;
  22          //  for(i=0;i<8;i++)
  23          //  {
  24          //    DQ = 0;
  25          //    DQ = dat&0x01;
  26          //    Delay_OneWire(50);
  27          //    DQ = 1;
  28          //    dat >>= 1;
  29          //  }
  30          //  Delay_OneWire(50);
  31          //}
  32          
  33          ////从DS18B20读取一个字节
  34          //unsigned char Read_DS18B20(void)
  35          //{
  36          //  unsigned char i;
  37          //  unsigned char dat;
  38          //  
  39          //  for(i=0;i<8;i++)
  40          //  {
  41          //    DQ = 0;
  42          //    dat >>= 1;
  43          //    DQ = 1;
  44          //    if(DQ)
  45          //    {
  46          //      dat |= 0x80;
  47          //    }     
  48          //    Delay_OneWire(50);
  49          //  }
  50          //  return dat;
  51          //}
  52          
  53          ////DS18B20设备初始化
  54          //bit init_ds18b20(void)
C51 COMPILER V9.60.0.0   ONEWIRE                                                           11/13/2021 22:45:28 PAGE 2   

  55          //{
  56          //    bit initflag = 0;
  57          //    
  58          //    DQ = 1;
  59          //    Delay_OneWire(120);
  60          //    DQ = 0;
  61          //    Delay_OneWire(800);
  62          //    DQ = 1;
  63          //    Delay_OneWire(100); 
  64          //    initflag = DQ;     
  65          //    Delay_OneWire(50);
  66          //  
  67          //    return initflag;
  68          //}
  69          
  70          /*
  71          
  72          void Delay1us(unsigned int us)    //@11.0592MHz
  73          {
  74            unsigned int i=0;
  75            for(i=0;i<us;i++)
  76            {
  77              _nop_();  _nop_();  _nop_();    
  78            }
  79          }
  80          
  81          
  82          //单总线延时函数
  83          void Delay_OneWire(unsigned int t)  //STC89C52RC
  84          {
  85            while(t--);
  86          }
  87          
  88          //通过单总线向DS18B20写一个字节
  89          void Write_DS18B20(unsigned char dat)
  90          {
  91            unsigned char j=0,k=20;   // k=20  约20毫秒  1100  1100   0100 0100  
  92            unsigned char i;
  93            for(i=0;i<8;i++)
  94            {
  95              DQ = 1;
  96              Delay1us(5);
  97              DQ = 0;
  98              Delay1us(5);
  99              DQ = dat&0x01;
 100              Delay1us(40);
 101              DQ = 1;
 102              dat >>= 1;
 103            }
 104            Delay1us(80);
 105          }
 106          
 107          //从DS18B20读取一个字节
 108          unsigned char Read_DS18B20(void)
 109          {
 110            unsigned char j=0,k=20;   // k=20  约20毫秒
 111            unsigned char i;
 112            unsigned char dat;
 113            
 114            for(i=0;i<8;i++)
 115            {
 116              DQ = 1;
C51 COMPILER V9.60.0.0   ONEWIRE                                                           11/13/2021 22:45:28 PAGE 3   

 117              Delay1us(5);
 118              DQ = 0;
 119              Delay1us(5);
 120              dat >>= 1;
 121              DQ = 1;
 122              Delay1us(5);
 123              if(DQ)
 124              {
 125                dat |= 0x80;
 126              }     
 127              Delay1us(30);
 128            }
 129            return dat;
 130          }
 131          
 132          //DS18B20设备初始化
 133          bit init_ds18b20(void)
 134          {
 135              bit initflag = 1;
 136              
 137              DQ = 1;
 138              Delay1us(120);
 139              DQ = 0;
 140              Delay1us(600);
 141              DQ = 1;
 142              Delay1us(50);
 143              initflag = DQ;     
 144              Delay1us(120);
 145            
 146              return initflag;
 147          }
 148          */
 149          void Delay1us(unsigned int us)    //@11.0592MHz
 150          {
 151   1        unsigned int i=0;
 152   1        for(i=0;i<us;i++)
 153   1        {
 154   2          _nop_();  _nop_();  _nop_();    
 155   2        }
 156   1      }
 157          
 158          unsigned char Read_DS18B20(void)
 159          {
 160   1        unsigned char dat;
 161   1        unsigned char i=0;
 162   1        for(i=0;i<8;i++)
 163   1        {
 164   2          DQ = 1;
 165   2          Delay1us(5);
 166   2          DQ = 0; 
 167   2          Delay1us(5);
 168   2          dat >>=1; 
 169   2          DQ = 1;
 170   2          Delay1us(5);
 171   2          if(DQ==1)
 172   2          {
 173   3            dat |= 0x80;  //0000 0000 | 1000 0000 = 1000 0000   
 174   3          }
 175   2          Delay1us(30);
 176   2        }
 177   1        return dat;
 178   1      }
C51 COMPILER V9.60.0.0   ONEWIRE                                                           11/13/2021 22:45:28 PAGE 4   

 179          
 180          
 181          void Write_DS18B20(unsigned char dat)
 182          {
 183   1        unsigned char i=0;
 184   1        for(i=0;i<8;i++)
 185   1        {
 186   2          DQ = 1;
 187   2          Delay1us(5);
 188   2          DQ = 0; 
 189   2          Delay1us(5);
 190   2          DQ = (dat & 0x01); // 1100 1100 & 0000 0001 = 0000 0000 
 191   2          Delay1us(40);
 192   2          dat >>=1; 
 193   2        }
 194   1        DQ = 1 ;
 195   1        Delay1us(80);
 196   1      }
 197          
 198          bit init_ds18b20(void)
 199          {
 200   1        bit init_flag = 1;
 201   1        
 202   1        DQ =1 ;
 203   1        Delay1us(120);
 204   1        DQ =0 ;
 205   1        Delay1us(700);
 206   1        DQ =1 ;
 207   1        Delay1us(80);
 208   1        init_flag = DQ ;
 209   1        Delay1us(120);
 210   1        
 211   1        return init_flag;
 212   1      }
 213          
 214          
 215          unsigned long Temp_get(void)
 216          {
 217   1        unsigned char low,high;
 218   1        unsigned int Temp;
 219   1        
 220   1        init_ds18b20();
 221   1        Write_DS18B20(0XCC);
 222   1        Write_DS18B20(0X44);
 223   1        Delay1us(200);
 224   1        
 225   1        init_ds18b20();
 226   1        Write_DS18B20(0XCC);
 227   1        Write_DS18B20(0XBE);
 228   1        
 229   1        low=Read_DS18B20();
 230   1        high=Read_DS18B20();
 231   1        
 232   1      //  temp = high<<4 ;  //  ssss xxxx   = xxxx 0000 
 233   1      //  temp |= (low>>4);   // xxxx 0000  | XXXX XXXX >>4 = 0000 XXXX
 234   1        
 235   1        Temp=high&0X0F;  // SSSS  XXXX  
 236   1        Temp <<= 8;     //  Temp =Temp << 8;
 237   1        Temp |= low;      // Temp =Temp | low;
 238   1        
 239   1        return Temp;
 240   1        
C51 COMPILER V9.60.0.0   ONEWIRE                                                           11/13/2021 22:45:28 PAGE 5   

 241   1      }
 242          
 243          
 244          


MODULE INFORMATION:   STATIC OVERLAYABLE
   CODE SIZE        =    209    ----
   CONSTANT SIZE    =   ----    ----
   XDATA SIZE       =   ----    ----
   PDATA SIZE       =   ----    ----
   DATA SIZE        =   ----    ----
   IDATA SIZE       =   ----    ----
   BIT SIZE         =   ----       1
END OF MODULE INFORMATION.


C51 COMPILATION COMPLETE.  0 WARNING(S),  0 ERROR(S)
