C51 COMPILER V9.59.0.0   MAIN                                                              08/06/2021 09:02:36 PAGE 1   


C51 COMPILER V9.59.0.0, COMPILATION OF MODULE MAIN
OBJECT MODULE PLACED IN .\Objects\main.obj
COMPILER INVOKED BY: C:\Keil_v5\C51\BIN\C51.EXE main.c OPTIMIZE(8,SPEED) BROWSE DEBUG OBJECTEXTEND PRINT(.\Listings\main
                    -.lst) TABS(2) OBJECT(.\Objects\main.obj)

line level    source

   1          /*#include<STC15F2K60S2.H>
   2          
   3          typedef unsigned int uint;      
   4          typedef unsigned char uchar;
   5          sbit IRIN = P3^2;       //红外数据传输端
   6          
   7          uchar IrValue[6];
   8          uint Time;
   9          uchar yi,er,san;
  10          
  11          uchar code tap[]={0XC0,0XF9,0XA4,0XB0,0X99,0X92,0X82,0XF8,0X80,0X90,0X88,0X00,0XC6,0X40,0X86,0X8E,0XFF};
  12          
  13          void delay(uint i)
  14          {
  15            while (i--);
  16          }
  17          void Delayms (int ms)
  18          {
  19            int i,j;
  20            for(i=0;i<ms;i++)
  21              for(j=845;j>0;j--);
  22          }
  23          void Display1(yi,er,san)//数码管
  24          {
  25            P2=0XC0;
  26            P0=0X01;//0000 0001
  27            P2=0XE0;
  28            P0=tap[yi];
  29            Delayms(1);
  30            
  31            P2=0XC0;
  32            P0=0X02;
  33            P2=0XE0;
  34            P0=tap[er];
  35            Delayms(1);
  36            
  37            P2=0XC0;
  38            P0=0X04;
  39            P2=0XE0;
  40            P0=tap[san];
  41            Delayms(1);
  42          }
  43          void Allinit(void)
  44          {
  45            P2=0XA0;//打开控制蜂鸣器的573
  46            P0=0X00;//关闭蜂鸣器继电器
  47            
  48            P2=0XC0;//打开控制数码管的位选573
  49            P0=0XFF;//选中所有的数码管
  50            P2=0XE0;//打开控制数码管段选573
  51            P0=0XFF;//关闭所有数码管
  52            
  53            P2=0X80;//打开控制LED灯的573
  54            P0=0XFF;//关闭所有LED灯
C51 COMPILER V9.59.0.0   MAIN                                                              08/06/2021 09:02:36 PAGE 2   

  55          }
  56          
  57          void IrInit()
  58          {
  59            IT0=1;     //下降沿触发
  60            EX0=1;     //打开中断0允许
  61            EA=1;    //打开总中断
  62            IRIN=1;    //初始化端口
  63          }
  64          void ReadIr() interrupt 0
  65          {
  66            uchar j,k;
  67            uint err;
  68            Time = 0;
  69            delay(700);
  70            if(IRIN==0)
  71            {
  72              err=1000; //1000*10us=10ms,超过说明接受到错误的信号
  73              while((IRIN==0)&&(err>0))//等待前面9ms的低电平过去
  74              {
  75                delay(1);//10us
  76                err--;
  77              }
  78              if(IRIN==1)//如果正确等到9ms低电平
  79              {
  80                err=500;   
  81                while((IRIN==1)&&(err>0))//等待4.5ms的起始高电平过去
  82                {
  83                  delay(1);
  84                  err--;
  85                }
  86                for(k=0;k<4;k++)//共有4组数据
  87                {
  88                  for(j=0;j<8;j++)//接受一组数据
  89                  {
  90                    err=60;
  91                    while((IRIN==0)&&(err>0))//等待信号前面的560us低电平过去
  92                    {
  93                      delay(1);
  94                      err--;
  95                    }
  96                    err = 500;
  97                    while((IRIN==1)&&(err>0))//计算高电平的时间长度
  98                    {
  99                      delay(10);  //0.1ms
 100                      Time++;
 101                      err--;
 102                      if(Time>30)
 103                      {
 104                        return;
 105                      } 
 106                    }
 107                    IrValue[k]>>=1;//k表示第几组数据
 108                    if(Time>=8)//如果高电平出现大于565us，那么是1
 109                    {
 110                      IrValue[k]|=0x80;
 111                    }
 112                    Time=0; //用完重新赋值
 113                  }
 114                }
 115              }
 116              if(IrValue[2]!=~IrValue[3])//用反码判断数据正确
C51 COMPILER V9.59.0.0   MAIN                                                              08/06/2021 09:02:36 PAGE 3   

 117              {
 118                return;
 119              }
 120            } 
 121          }
 122          void main()
 123          {
 124            IrInit();
 125            Allinit();
 126            while(1)
 127            {
 128              yi=IrValue[2]/16;er=IrValue[2]%16;san=16;
 129              Display1(yi,er,san);
 130            }  
 131          }
 132          */
 133          
 134          
 135          
 136          
 137          
 138          
 139          
 140          
 141          
 142          


MODULE INFORMATION:   STATIC OVERLAYABLE
   CODE SIZE        =   ----    ----
   CONSTANT SIZE    =   ----    ----
   XDATA SIZE       =   ----    ----
   PDATA SIZE       =   ----    ----
   DATA SIZE        =   ----    ----
   IDATA SIZE       =   ----    ----
   BIT SIZE         =   ----    ----
END OF MODULE INFORMATION.


C51 COMPILATION COMPLETE.  0 WARNING(S),  0 ERROR(S)
