C51 COMPILER V9.59.0.0   PRACTICE_ASSIGNMENT                                               11/04/2021 15:53:13 PAGE 1   


C51 COMPILER V9.59.0.0, COMPILATION OF MODULE PRACTICE_ASSIGNMENT
OBJECT MODULE PLACED IN .\Objects\Practice Assignment.obj
COMPILER INVOKED BY: C:\Keil_v5\C51\BIN\C51.EXE Practice Assignment.c OPTIMIZE(8,SPEED) BROWSE DEBUG OBJECTEXTEND PRINT(
                    -.\Listings\Practice Assignment.lst) TABS(2) OBJECT(.\Objects\Practice Assignment.obj)

line level    source

   1          //实践二
   2          /*#include<STC15F2K60S2.H>
   3          void Timer0Init(void);
   4          void Delayms(int ms);
   5          void Key_Scan(void);
   6          unsigned char num0;
   7          unsigned char num1;
   8          unsigned char k;
   9          unsigned char tap0[]={0XC0,0XF9,0XA4,0XB0,0X99,0X92,0X82,0XF8,0X80,0X90,\
  10          0X88,0X80,0XC6,0XC0,0X86,0X8E,0XFF};
  11          unsigned char tap1[]={0XC0,0XF9,0XA4,0XB0,0X99,0X92,0X82,0XF8,0X80,0X90,\
  12          0X88,0X83,0XA7,0XA1,0X86,0X8E,0XFF};
  13          
  14          unsigned char tt=0;
  15          void main (void)
  16          {
  17            P2=0XA0;P0=0X00;
  18            Timer0Init();
  19            while(1)
  20            {
  21              Key_Scan(); 
  22            }
  23          }
  24          
  25          void Display0(void)
  26          {
  27            P2=0XC0;
  28            P0=0X80;
  29            P2=0XFF;
  30            P0=tap0[num0];
  31          }
  32          void Display1(void)
  33          {
  34            P2=0XC0;
  35            P0=0X80;
  36            P2=0XFF;
  37            P0=tap1[num1];
  38          }
  39          
  40          void Key_Scan(void)
  41          {
  42            if(P33==0)
  43            {
  44              Delayms(5);
  45              if(P33==0)
  46              {
  47                k=0;
  48                num0=0;
  49                while(P33==0)
  50                {
  51                  Display0();
  52                }
  53              }
  54            }
C51 COMPILER V9.59.0.0   PRACTICE_ASSIGNMENT                                               11/04/2021 15:53:13 PAGE 2   

  55            else  if(P32==0)
  56            {
  57              Delayms(5);
  58              if(P32==0)
  59              {
  60                k=1;
  61                num1=0;
  62                while(P33==0)
  63                {
  64                  Display1();
  65                }
  66              }
  67            }
  68            else  if(P31==0)
  69            {
  70              Delayms(5);
  71              if(P31==0)
  72              {
  73                k=2;
  74                num1=0;
  75                while(P33==0)
  76                {
  77                  Display1();
  78                }
  79              }
  80            }
  81          }
  82          
  83          void Timer0Init(void)   
  84          {
  85            TMOD=0X01;
  86            TH0=(65535-50000)/256;
  87            TL0=(65535-50000)%256;
  88            
  89            ET0=1;
  90            EA=1;
  91            TR0=1;
  92          }
  93          void ServiceTimer0() interrupt 1
  94          {
  95            TH0=(65535-50000)/256;
  96            TL0=(65535-50000)%256;
  97            
  98            tt++;
  99            if(tt==10)
 100            {
 101              if(k==1)
 102                {
 103                  tt++;
 104                  if(tt==20)
 105                  {
 106                    
 107                    Display1();
 108                    num1++;
 109                    tt=0;
 110                    if(num1==17)
 111                    {
 112                      num1=0;
 113                    }
 114                  }
 115                }
 116                else if(k==0)
C51 COMPILER V9.59.0.0   PRACTICE_ASSIGNMENT                                               11/04/2021 15:53:13 PAGE 3   

 117                {
 118                  
 119                  Display0();
 120                  num0++;
 121                  tt=0;
 122                  if(num0==17)
 123                  {
 124                    num0=0;
 125                  }
 126                }
 127                
 128                else if(k==2)
 129                {
 130                  tt++;
 131                  if(tt==40)
 132                  {
 133                    
 134                    Display1();
 135                    num1++;
 136                    tt=0;
 137                    if(num1==17)
 138                    {
 139                      num1=0;
 140                    }
 141                  }
 142                }
 143              
 144            }
 145            
 146          }
 147          
 148          void Delayms(int ms)
 149          {
 150            int i,j;
 151            for(i=0;i<ms;i++)
 152              for(j=845;j>0;j--);
 153          }
 154          */
 155          //实践三
 156          /*#include<STC15F2K60S2.H>
 157          unsigned char tap[]={0XC0,0XF9,0XA4,0XB0,0X99,0X92,0X82,0XF8,0X80,0X90};
 158          void ScanfKeys(void);
 159          void Display(void);
 160          void Timer0Init(void);
 161          void Delayms(int ms);
 162          unsigned char num;
 163          unsigned char tt;
 164          unsigned char k;
 165          void main (void)
 166          {
 167            Timer0Init();
 168            while(1)
 169            {
 170              ScanfKeys();
 171            }
 172          
 173          }
 174          
 175          void Timer0Init(void)
 176          {
 177            TMOD=0X01;
 178            TH0=(65535-50000)/256;
C51 COMPILER V9.59.0.0   PRACTICE_ASSIGNMENT                                               11/04/2021 15:53:13 PAGE 4   

 179            TL0=(65535-50000)%256;
 180            
 181            ET0=1;
 182            EA=1;
 183            TR0=1;
 184          } 
 185          void ServiceTimer0() interrupt 1
 186          {
 187            TH0=(65535-50000)/256;
 188            TL0=(65535-50000)%256;
 189            
 190            tt++;
 191            if(tt==20)
 192            {
 193              tt=0;
 194              
 195              if(k==0)
 196              {
 197                Display();
 198                num++;
 199                if(num==10)
 200                {
 201                  num=0;
 202                }
 203              
 204              }
 205            else if(k==1)
 206                {
 207                  Display();
 208                  num--;
 209                  if(num==0)
 210                  {
 211                    num=9;
 212                  }
 213                } 
 214            }
 215          }
 216          void ScanfKeys(void)
 217          {
 218            if(P33==0)
 219            {
 220              Delayms(5);
 221              if(P33==0)
 222              {
 223                num=0;
 224                k=0;
 225              }
 226            }
 227            else if(P32==0)
 228            {
 229              Delayms(5);
 230              if(P32==0)
 231              {
 232                num=9;
 233                k=1;
 234              }
 235            }
 236          
 237          }
 238          void Display(void)
 239          {
 240            P2=0XC0;
C51 COMPILER V9.59.0.0   PRACTICE_ASSIGNMENT                                               11/04/2021 15:53:13 PAGE 5   

 241            P0=0X80;
 242            P2=0XFF;
 243            P0=tap[num];
 244            Delayms(1);
 245          }
 246          void Delayms(int ms)
 247          {
 248            int i,j;
 249            for(i=0;i<ms;i++)
 250              for(j=845;j>0;j--);
 251          }
 252          */
 253          
 254          
 255          
 256          
 257          
 258          
 259          
 260          
 261          
 262          
 263          
 264          
 265          
 266          
 267          
 268          
 269          
 270          
 271          
 272          
 273          
 274          
 275          
 276          
 277          
 278          
 279          
 280          
 281          
 282          
 283          
 284          
 285          
 286          
 287          
 288          
 289          
 290          
 291          
 292          
 293          
 294          
 295          
 296          
 297          
 298          
 299          
 300          
 301          
 302          
C51 COMPILER V9.59.0.0   PRACTICE_ASSIGNMENT                                               11/04/2021 15:53:13 PAGE 6   

 303          
 304          
 305          
 306          
 307          
 308          
 309          
 310          
 311          


MODULE INFORMATION:   STATIC OVERLAYABLE
   CODE SIZE        =   ----    ----
   CONSTANT SIZE    =   ----    ----
   XDATA SIZE       =   ----    ----
   PDATA SIZE       =   ----    ----
   DATA SIZE        =   ----    ----
   IDATA SIZE       =   ----    ----
   BIT SIZE         =   ----    ----
END OF MODULE INFORMATION.


C51 COMPILATION COMPLETE.  0 WARNING(S),  0 ERROR(S)
